-------------------------------------------------------------------------------
Test set: TestSuite
-------------------------------------------------------------------------------
Tests run: 1, Failures: 1, Errors: 0, Skipped: 0, Time elapsed: 28.161 s <<< FAILURE! - in TestSuite
signinpage.SigninPageNavigation.SigninPageNavigation1  Time elapsed: 9.016 s  <<< FAILURE!
java.lang.AssertionError: expected [false] but found [true]
	at signinpage.SigninPageNavigation.SigninPageNavigation1(SigninPageNavigation.java:52)

