<?xml version="1.0" encoding="UTF-8"?>
<testsuite xmlns:xsi="http://www.w3.org/2001/XMLSchema-instance" xsi:noNamespaceSchemaLocation="https://maven.apache.org/surefire/maven-surefire-plugin/xsd/surefire-test-report-3.0.xsd" version="3.0" name="TestSuite" time="15.961" tests="1" errors="0" skipped="0" failures="1">
  <properties>
[...]
</properties>
  <testcase name="SigninPageNavigation1" classname="signinpage.SigninPageNavigation" time="15.341">
    <failure message="Cannot locate an element using xpath=//a[@class=&apos;page-scroll btn btn-xl mr30 btn-primary&apos;][contains(text(),&apos;Sign-in&apos;)]&#10;For documentation on this error, please visit: https://www.seleniumhq.org/exceptions/no_such_element.html&#10;Build info: version: &apos;3.141.59&apos;, revision: &apos;e82be7d358&apos;, time: &apos;2018-11-14T08:17:03&apos;&#10;System info: host: &apos;Ismets-MacBook.local&apos;, ip: &apos;2607:fb90:17cd:c28:997e:a795:7013:3051%en0&apos;, os.name: &apos;Mac OS X&apos;, os.arch: &apos;x86_64&apos;, os.version: &apos;10.15.5&apos;, java.version: &apos;14.0.1&apos;&#10;Driver info: driver.version: RemoteWebDriver" type="org.openqa.selenium.NoSuchElementException"><![CDATA[org.openqa.selenium.NoSuchElementException: 
Cannot locate an element using xpath=//a[@class='page-scroll btn btn-xl mr30 btn-primary'][contains(text(),'Sign-in')]
For documentation on this error, please visit: https://www.seleniumhq.org/exceptions/no_such_element.html
Build info: version: '3.141.59', revision: 'e82be7d358', time: '2018-11-14T08:17:03'
System info: host: 'Ismets-MacBook.local', ip: '2607:fb90:17cd:c28:997e:a795:7013:3051%en0', os.name: 'Mac OS X', os.arch: 'x86_64', os.version: '10.15.5', java.version: '14.0.1'
Driver info: driver.version: RemoteWebDriver
	at signinpage.SigninPageNavigation.SigninPageNavigation1(SigninPageNavigation.java:31)
]]></failure>
    <system-err><![CDATA[Starting ChromeDriver 83.0.4103.39 (ccbf011cb2d2b19b506d844400483861342c20cd-refs/branch-heads/4103@{#416}) on port 8928
Only local connections are allowed.
Please see https://chromedriver.chromium.org/security-considerations for suggestions on keeping ChromeDriver safe.
ChromeDriver was started successfully.
[1595356141.989][WARNING]: This version of ChromeDriver has not been tested with Chrome version 84.
Jul 21, 2020 2:29:02 PM org.openqa.selenium.remote.ProtocolHandshake createSession
INFO: Detected dialect: W3C
[1595356155.286][SEVERE]: Unable to receive message from renderer
]]></system-err>
  </testcase>
</testsuite>